c:\users\darabutdaniela\desktop\seminar_2\seminar_2\debug\vc142.pdb
c:\users\darabutdaniela\desktop\seminar_2\seminar_2\debug\vc142.idb
c:\users\darabutdaniela\desktop\seminar_2\seminar_2\debug\repo.obj
c:\users\darabutdaniela\desktop\seminar_2\seminar_2\debug\student.obj
c:\users\darabutdaniela\desktop\seminar_2\seminar_2\debug\seminar_2.obj
c:\users\darabutdaniela\desktop\seminar_2\seminar_2\debug\tests.obj
c:\users\darabutdaniela\desktop\seminar_2\seminar_2\debug\meniumec.obj
c:\users\cristina.morarescu\source\repos\seminar_2\debug\seminar_2.ilk
c:\users\cristina.morarescu\source\repos\seminar_2\debug\seminar_2.exe
c:\users\cristina.morarescu\source\repos\seminar_2\debug\seminar_2.pdb
c:\users\darabutdaniela\desktop\seminar_2\debug\seminar_2.ilk
c:\users\darabutdaniela\desktop\seminar_2\debug\seminar_2.exe
c:\users\darabutdaniela\desktop\seminar_2\debug\seminar_2.pdb
c:\users\darabutdaniela\desktop\seminar_2\seminar_2\debug\operations.obj
c:\users\darabutdaniela\desktop\seminar_2\seminar_2\debug\seminar_2.tlog\cl.command.1.tlog
c:\users\darabutdaniela\desktop\seminar_2\seminar_2\debug\seminar_2.tlog\cl.read.1.tlog
c:\users\darabutdaniela\desktop\seminar_2\seminar_2\debug\seminar_2.tlog\cl.write.1.tlog
c:\users\darabutdaniela\desktop\seminar_2\seminar_2\debug\seminar_2.tlog\link.command.1.tlog
c:\users\darabutdaniela\desktop\seminar_2\seminar_2\debug\seminar_2.tlog\link.read.1.tlog
c:\users\darabutdaniela\desktop\seminar_2\seminar_2\debug\seminar_2.tlog\link.write.1.tlog
